<?xml version="1.0" encoding="UTF-8"?><testrun name="Runner (1)" project="XiaomiAuto" tests="3" started="3" failures="1" errors="1" ignored="0">
  <testsuite name="runner.Runner" time="140.841">
    <testsuite name="HomePageXiaomi" time="140.841">
      <testcase name="MouseHover over menus , choose a submenu then redirected to the page of submenu chosen" classname="HomePageXiaomi" time="91.369">
        <error>org.openqa.selenium.NoSuchElementException: no such element: Unable to locate element: {"method":"xpath","selector":"/html/body/div[1]/div[5]/div/div/div[1]/div/header/h1"}
  (Session info: chrome=126.0.6478.183)
For documentation on this error, please visit: https://www.selenium.dev/documentation/webdriver/troubleshooting/errors#no-such-element-exception
Build info: version: '4.21.0', revision: '79ed462ef4'
System info: os.name: 'Windows 11', os.arch: 'amd64', os.version: '10.0', java.version: '22.0.1'
Driver info: org.openqa.selenium.chrome.ChromeDriver
Command: [848867cc1db5ad15fc27aaf9f60912cf, findElement {using=xpath, value=/html/body/div[1]/div[5]/div/div/div[1]/div/header/h1}]
Capabilities {acceptInsecureCerts: false, browserName: chrome, browserVersion: 126.0.6478.183, chrome: {chromedriverVersion: 125.0.6422.141 (4b1e8393712..., userDataDir: C:\Users\Lahma\AppData\Loca...}, fedcm:accounts: true, goog:chromeOptions: {debuggerAddress: localhost:54390}, networkConnectionEnabled: false, pageLoadStrategy: normal, platformName: windows, proxy: Proxy(), se:cdp: ws://localhost:54390/devtoo..., se:cdpVersion: 126.0.6478.183, setWindowRect: true, strictFileInteractability: false, timeouts: {implicit: 0, pageLoad: 300000, script: 30000}, unhandledPromptBehavior: dismiss and notify, webauthn:extension:credBlob: true, webauthn:extension:largeBlob: true, webauthn:extension:minPinLength: true, webauthn:extension:prf: true, webauthn:virtualAuthenticators: true}
Session ID: 848867cc1db5ad15fc27aaf9f60912cf&#13;
	at java.base/jdk.internal.reflect.DirectConstructorHandleAccessor.newInstance(DirectConstructorHandleAccessor.java:62)&#13;
	at java.base/java.lang.reflect.Constructor.newInstanceWithCaller(Constructor.java:502)&#13;
	at java.base/java.lang.reflect.Constructor.newInstance(Constructor.java:486)&#13;
	at org.openqa.selenium.remote.ErrorCodec.decode(ErrorCodec.java:167)&#13;
	at org.openqa.selenium.remote.codec.w3c.W3CHttpResponseCodec.decode(W3CHttpResponseCodec.java:138)&#13;
	at org.openqa.selenium.remote.codec.w3c.W3CHttpResponseCodec.decode(W3CHttpResponseCodec.java:50)&#13;
	at org.openqa.selenium.remote.HttpCommandExecutor.execute(HttpCommandExecutor.java:190)&#13;
	at org.openqa.selenium.remote.service.DriverCommandExecutor.invokeExecute(DriverCommandExecutor.java:216)&#13;
	at org.openqa.selenium.remote.service.DriverCommandExecutor.execute(DriverCommandExecutor.java:174)&#13;
	at org.openqa.selenium.remote.RemoteWebDriver.execute(RemoteWebDriver.java:518)&#13;
	at org.openqa.selenium.remote.ElementLocation$ElementFinder$2.findElement(ElementLocation.java:165)&#13;
	at org.openqa.selenium.remote.ElementLocation.findElement(ElementLocation.java:59)&#13;
	at org.openqa.selenium.remote.RemoteWebDriver.findElement(RemoteWebDriver.java:355)&#13;
	at org.openqa.selenium.remote.RemoteWebDriver.findElement(RemoteWebDriver.java:349)&#13;
	at org.openqa.selenium.support.pagefactory.DefaultElementLocator.findElement(DefaultElementLocator.java:68)&#13;
	at org.openqa.selenium.support.pagefactory.internal.LocatingElementHandler.invoke(LocatingElementHandler.java:38)&#13;
	at jdk.proxy2/jdk.proxy2.$Proxy21.getText(Unknown Source)&#13;
	at Pages.HomePageMI.verificationPage(HomePageMI.java:45)&#13;
	at Testsuites.HomePageMIstepDEF.admin_is_redirected_to_the_page_that_contains_the_chosen_submenu(HomePageMIstepDEF.java:37)&#13;
	at ✽.Admin is redirected to the page that contains the chosen submenu "Maison Connectée"(file:///C:/Users/Lahma/eclipse-workspace/XiaomiAuto/src/test/resources/Features/HomePageMI.feature:7)&#13;
&#13;
</error>
      </testcase>
      <testcase name="Click on product" classname="HomePageXiaomi" time="10.862"/>
      <testcase name="Add product to cart" classname="HomePageXiaomi" time="38.609">
        <failure>java.lang.AssertionError&#13;
	at org.junit.Assert.fail(Assert.java:87)&#13;
	at org.junit.Assert.assertTrue(Assert.java:42)&#13;
	at org.junit.Assert.assertTrue(Assert.java:53)&#13;
	at Pages.AjoutproduitPanier.verifproduitPanier(AjoutproduitPanier.java:32)&#13;
	at Testsuites.AjoutaupanierStepDef.admin_clicks_on_the_cart_and_verifies_that_the_product_has_been_added(AjoutaupanierStepDef.java:36)&#13;
	at ✽.Admin clicks on the cart and verifies that the product "Redmi Buds 4 Active" has been added(file:///C:/Users/Lahma/eclipse-workspace/XiaomiAuto/src/test/resources/Features/HomePageMI.feature:19)&#13;
&#13;
</failure>
      </testcase>
    </testsuite>
  </testsuite>
</testrun>
