<?xml version="1.0" encoding="UTF-8"?><testrun name="Runner (1)" project="XiaomiAuto" tests="3" started="3" failures="0" errors="2" ignored="0">
  <testsuite name="runner.Runner" time="61.535">
    <testsuite name="HomePageXiaomi" time="61.535">
      <testcase name="MouseHover over menus , choose a submenu then redirected to the page of submenu chosen" classname="HomePageXiaomi" time="50.79">
        <error>org.openqa.selenium.NoSuchElementException: no such element: Unable to locate element: {"method":"xpath","selector":"/html/body/div[1]/div[5]/div/div/div[1]/div/header/h1"}
  (Session info: chrome=126.0.6478.183)
For documentation on this error, please visit: https://www.selenium.dev/documentation/webdriver/troubleshooting/errors#no-such-element-exception
Build info: version: '4.21.0', revision: '79ed462ef4'
System info: os.name: 'Windows 11', os.arch: 'amd64', os.version: '10.0', java.version: '22.0.1'
Driver info: org.openqa.selenium.chrome.ChromeDriver
Command: [39b2cbe8676e07d8c9322922d8d34e47, findElement {value=/html/body/div[1]/div[5]/div/div/div[1]/div/header/h1, using=xpath}]
Capabilities {acceptInsecureCerts: false, browserName: chrome, browserVersion: 126.0.6478.183, chrome: {chromedriverVersion: 125.0.6422.141 (4b1e8393712..., userDataDir: C:\Users\Lahma\AppData\Loca...}, fedcm:accounts: true, goog:chromeOptions: {debuggerAddress: localhost:51599}, networkConnectionEnabled: false, pageLoadStrategy: normal, platformName: windows, proxy: Proxy(), se:cdp: ws://localhost:51599/devtoo..., se:cdpVersion: 126.0.6478.183, setWindowRect: true, strictFileInteractability: false, timeouts: {implicit: 0, pageLoad: 300000, script: 30000}, unhandledPromptBehavior: dismiss and notify, webauthn:extension:credBlob: true, webauthn:extension:largeBlob: true, webauthn:extension:minPinLength: true, webauthn:extension:prf: true, webauthn:virtualAuthenticators: true}
Session ID: 39b2cbe8676e07d8c9322922d8d34e47&#13;
	at java.base/jdk.internal.reflect.DirectConstructorHandleAccessor.newInstance(DirectConstructorHandleAccessor.java:62)&#13;
	at java.base/java.lang.reflect.Constructor.newInstanceWithCaller(Constructor.java:502)&#13;
	at java.base/java.lang.reflect.Constructor.newInstance(Constructor.java:486)&#13;
	at org.openqa.selenium.remote.ErrorCodec.decode(ErrorCodec.java:167)&#13;
	at org.openqa.selenium.remote.codec.w3c.W3CHttpResponseCodec.decode(W3CHttpResponseCodec.java:138)&#13;
	at org.openqa.selenium.remote.codec.w3c.W3CHttpResponseCodec.decode(W3CHttpResponseCodec.java:50)&#13;
	at org.openqa.selenium.remote.HttpCommandExecutor.execute(HttpCommandExecutor.java:190)&#13;
	at org.openqa.selenium.remote.service.DriverCommandExecutor.invokeExecute(DriverCommandExecutor.java:216)&#13;
	at org.openqa.selenium.remote.service.DriverCommandExecutor.execute(DriverCommandExecutor.java:174)&#13;
	at org.openqa.selenium.remote.RemoteWebDriver.execute(RemoteWebDriver.java:518)&#13;
	at org.openqa.selenium.remote.ElementLocation$ElementFinder$2.findElement(ElementLocation.java:165)&#13;
	at org.openqa.selenium.remote.ElementLocation.findElement(ElementLocation.java:59)&#13;
	at org.openqa.selenium.remote.RemoteWebDriver.findElement(RemoteWebDriver.java:355)&#13;
	at org.openqa.selenium.remote.RemoteWebDriver.findElement(RemoteWebDriver.java:349)&#13;
	at org.openqa.selenium.support.pagefactory.DefaultElementLocator.findElement(DefaultElementLocator.java:68)&#13;
	at org.openqa.selenium.support.pagefactory.internal.LocatingElementHandler.invoke(LocatingElementHandler.java:38)&#13;
	at jdk.proxy2/jdk.proxy2.$Proxy21.getText(Unknown Source)&#13;
	at Pages.HomePageMI.verificationPage(HomePageMI.java:45)&#13;
	at Testsuites.HomePageMIstepDEF.admin_is_redirected_to_the_page_that_contains_the_chosen_submenu(HomePageMIstepDEF.java:37)&#13;
	at ✽.Admin is redirected to the page that contains the chosen submenu "Maison Connectée"(file:///C:/Users/Lahma/eclipse-workspace/XiaomiAuto/src/test/resources/Features/HomePageMI.feature:7)&#13;
&#13;
</error>
      </testcase>
      <testcase name="Click on product" classname="HomePageXiaomi" time="10.074"/>
      <testcase name="Add product to cart" classname="HomePageXiaomi" time="0.67">
        <error>org.openqa.selenium.NoSuchElementException: no such element: Unable to locate element: {"method":"xpath","selector":"/html/body/div[1]/div[4]/div/div/div/div/div[3]/div[1]/div/div[3]/div/form/div/div[2]/div/button"}
  (Session info: chrome=126.0.6478.183)
For documentation on this error, please visit: https://www.selenium.dev/documentation/webdriver/troubleshooting/errors#no-such-element-exception
Build info: version: '4.21.0', revision: '79ed462ef4'
System info: os.name: 'Windows 11', os.arch: 'amd64', os.version: '10.0', java.version: '22.0.1'
Driver info: org.openqa.selenium.chrome.ChromeDriver
Command: [69079e73dedd0cd4ecdb337fb10b3b0f, findElement {value=/html/body/div[1]/div[4]/div/div/div/div/div[3]/div[1]/div/div[3]/div/form/div/div[2]/div/button, using=xpath}]
Capabilities {acceptInsecureCerts: false, browserName: chrome, browserVersion: 126.0.6478.183, chrome: {chromedriverVersion: 125.0.6422.141 (4b1e8393712..., userDataDir: C:\Users\Lahma\AppData\Loca...}, fedcm:accounts: true, goog:chromeOptions: {debuggerAddress: localhost:51739}, networkConnectionEnabled: false, pageLoadStrategy: normal, platformName: windows, proxy: Proxy(), se:cdp: ws://localhost:51739/devtoo..., se:cdpVersion: 126.0.6478.183, setWindowRect: true, strictFileInteractability: false, timeouts: {implicit: 0, pageLoad: 300000, script: 30000}, unhandledPromptBehavior: dismiss and notify, webauthn:extension:credBlob: true, webauthn:extension:largeBlob: true, webauthn:extension:minPinLength: true, webauthn:extension:prf: true, webauthn:virtualAuthenticators: true}
Session ID: 69079e73dedd0cd4ecdb337fb10b3b0f&#13;
	at java.base/jdk.internal.reflect.DirectConstructorHandleAccessor.newInstance(DirectConstructorHandleAccessor.java:62)&#13;
	at java.base/java.lang.reflect.Constructor.newInstanceWithCaller(Constructor.java:502)&#13;
	at java.base/java.lang.reflect.Constructor.newInstance(Constructor.java:486)&#13;
	at org.openqa.selenium.remote.ErrorCodec.decode(ErrorCodec.java:167)&#13;
	at org.openqa.selenium.remote.codec.w3c.W3CHttpResponseCodec.decode(W3CHttpResponseCodec.java:138)&#13;
	at org.openqa.selenium.remote.codec.w3c.W3CHttpResponseCodec.decode(W3CHttpResponseCodec.java:50)&#13;
	at org.openqa.selenium.remote.HttpCommandExecutor.execute(HttpCommandExecutor.java:190)&#13;
	at org.openqa.selenium.remote.service.DriverCommandExecutor.invokeExecute(DriverCommandExecutor.java:216)&#13;
	at org.openqa.selenium.remote.service.DriverCommandExecutor.execute(DriverCommandExecutor.java:174)&#13;
	at org.openqa.selenium.remote.RemoteWebDriver.execute(RemoteWebDriver.java:518)&#13;
	at org.openqa.selenium.remote.ElementLocation$ElementFinder$2.findElement(ElementLocation.java:165)&#13;
	at org.openqa.selenium.remote.ElementLocation.findElement(ElementLocation.java:59)&#13;
	at org.openqa.selenium.remote.RemoteWebDriver.findElement(RemoteWebDriver.java:355)&#13;
	at org.openqa.selenium.remote.RemoteWebDriver.findElement(RemoteWebDriver.java:349)&#13;
	at org.openqa.selenium.support.pagefactory.DefaultElementLocator.findElement(DefaultElementLocator.java:68)&#13;
	at org.openqa.selenium.support.pagefactory.internal.LocatingElementHandler.invoke(LocatingElementHandler.java:38)&#13;
	at jdk.proxy2/jdk.proxy2.$Proxy21.click(Unknown Source)&#13;
	at Pages.AjoutproduitPanier.AddproductToCart(AjoutproduitPanier.java:30)&#13;
	at Testsuites.AjoutaupanierStepDef.admin_adds_product_to_the_cart(AjoutaupanierStepDef.java:30)&#13;
	at ✽.Admin adds product "Xiaomi Humidifier 2 Lite" to the cart(file:///C:/Users/Lahma/eclipse-workspace/XiaomiAuto/src/test/resources/Features/HomePageMI.feature:18)&#13;
&#13;
</error>
      </testcase>
    </testsuite>
  </testsuite>
</testrun>
